===== Wed Jun 24 09:12:58 CST 2026 开始搜索 AI 资讯 =====
文件写入已确认。

---

## 任务完成报告

经过全面搜索，最近 **3 天内（2026年6月22-24日）** 符合条件的内容共 **2 篇**，已创建对应笔记：

---

### 1. 📄 `2026.6.24-GoogleDeepMind-Hassabis：Google仍在AI人才竞争中领先.md`
→ 文章/ 目录

**Demis Hassabis**，2026年6月23日在**戛纳国际创意节（Cannes Lions）接受 Semafor 独家采访**，就 Google DeepMind 近期人才流失（Noam Shazeer、John Jumper 相继离职，导致股价单日跌 7%）正面回应。核心观点：Google 拥有最大最广的 AI 研究团队，TPU 算力优势是顶尖研究者难以拒绝的吸引力，Google 的 AGI 战略布局多元，不只追 benchmark。

---

### 2. 📄 `2026.6.24-Meta-Zuckerberg：AI眼镜是人人触达"个人超级智能"的入口.md`
→ 文章/ 目录

**Mark Zuckerberg**，2026年6月23日在 **Meta AI 眼镜新品发布会**上亲自演示（现场 Wi-Fi 故障、演示翻车，Zuckerberg 淡定应对）。发布 Meta Glasses（$299 起），内置 Meta AI（Muse Spark 模型），支持实时翻译/导航/拍照。核心论断："眼镜将是人们触达个人超级智能的主要方式。"Meta 当前占据 AI 眼镜市场 80% 份额。

---

### 未找到近3天内容的人物

| 人物 | 最近一次相关内容 | 距今 |
|------|---------------|------|
| Dario Amodei | Bloomberg 回应印度 AI 峰会事件（6月18-19日） | 5-6天前 |
| Yann LeCun | CNBC 批评 xAI"是一种失败"（6月18日） | 6天前 |
| Greg Brockman | Big Technology AI Summit（6月19日） | 5天前 |
| Jensen Huang | AP 社会规范访谈（6月16日） | 8天前 |
| Sam Altman | CNBC Power Lunch（6月1日） | 23天前 |
| Mira Murati | Bloomberg Tech 重出江湖（6月4日） | 20天前 |
| Ilya Sutskever / Daniela Amodei / Mustafa Suleyman / Sundar Pichai | 均无近3天新内容 | — |

如需把这些稍早的高质量内容也整理进来，告诉我即可。

Sources:
- [Semafor — Exclusive: DeepMind Chief Demis Hassabis says Google's still winning AI talent](https://www.semafor.com/article/06/23/2026/deepmind-chief-demis-hassabis-says-googles-still-winning-ai-talent)
- [CNBC — Meta announces new smart glasses starting at $299](https://www.cnbc.com/2026/06/23/meta-glasses-are-new-smart-glasses-starting-at-299.html)
- [Yahoo Finance — Meta debuts AI-powered Meta Glasses](https://finance.yahoo.com/technology/article/meta-debuts-ai-powered-meta-glasses-starting-at-299-130000232.html)
===== Wed Jun 24 09:21:18 CST 2026 搜索完成 =====
Transfer starting: 0 files

sent 29 bytes  received 20 bytes  490000 bytes/sec
total size is 0  speedup is 0.00
Transfer starting: 0 files

sent 29 bytes  received 20 bytes  490000 bytes/sec
total size is 0  speedup is 0.00
